  Assembling P_0_Plantilla_.asm...
  Assembling P_10_CHECAR_PARES_CON_LOOP.ASM...
  Assembling P_11_ChecarSiEsPrimo_.asm...
  Assembling P_12_PilaEnEnsamblador_.asm...
  Assembling P_13_IntroPila_.asm...
  Assembling P_14_Instruccion_XCHG_.asm...
  Assembling P_1_IntroCondicionales_.asm...
  Assembling P_2_checarNumeroEsPar_.asm...
  Assembling P_3_LecturaNumeros_.asm...
  Assembling P_5_SumaDosNumeros_.asm...
  Assembling P_6_Promedio_3Numeros_.asm...
  Assembling P_7_AreaRectangulo_.asm...
  Assembling P_8_PuntoMedio_.asm...
  Assembling P_9_introduccion_LOOP_.asm...
  Assembling p_4_EscrituraCadenaConsola_.asm...
P_0_Plantilla_.obj : warning LNK4258: la directiva '/ENTRY:main@0' no es compatible con el modificador '/ENTRY:main14'; se ha omitido
P_10_CHECAR_PARES_CON_LOOP.obj : warning LNK4258: la directiva '/ENTRY:main10@0' no es compatible con el modificador '/ENTRY:main14'; se ha omitido
P_11_ChecarSiEsPrimo_.obj : warning LNK4258: la directiva '/ENTRY:main11@0' no es compatible con el modificador '/ENTRY:main14'; se ha omitido
P_12_PilaEnEnsamblador_.obj : warning LNK4258: la directiva '/ENTRY:main12@0' no es compatible con el modificador '/ENTRY:main14'; se ha omitido
P_13_IntroPila_.obj : warning LNK4258: la directiva '/ENTRY:main13@0' no es compatible con el modificador '/ENTRY:main14'; se ha omitido
P_14_Instruccion_XCHG_.obj : warning LNK4258: la directiva '/ENTRY:main14@0' no es compatible con el modificador '/ENTRY:main14'; se ha omitido
P_1_IntroCondicionales_.obj : warning LNK4258: la directiva '/ENTRY:main1@0' no es compatible con el modificador '/ENTRY:main14'; se ha omitido
P_2_checarNumeroEsPar_.obj : warning LNK4258: la directiva '/ENTRY:main2@0' no es compatible con el modificador '/ENTRY:main14'; se ha omitido
P_3_LecturaNumeros_.obj : warning LNK4258: la directiva '/ENTRY:main3@0' no es compatible con el modificador '/ENTRY:main14'; se ha omitido
P_5_SumaDosNumeros_.obj : warning LNK4258: la directiva '/ENTRY:main5@0' no es compatible con el modificador '/ENTRY:main14'; se ha omitido
P_6_Promedio_3Numeros_.obj : warning LNK4258: la directiva '/ENTRY:main6@0' no es compatible con el modificador '/ENTRY:main14'; se ha omitido
P_7_AreaRectangulo_.obj : warning LNK4258: la directiva '/ENTRY:main7@0' no es compatible con el modificador '/ENTRY:main14'; se ha omitido
P_8_PuntoMedio_.obj : warning LNK4258: la directiva '/ENTRY:main8@0' no es compatible con el modificador '/ENTRY:main14'; se ha omitido
P_9_introduccion_LOOP_.obj : warning LNK4258: la directiva '/ENTRY:main9@0' no es compatible con el modificador '/ENTRY:main14'; se ha omitido
p_4_EscrituraCadenaConsola_.obj : warning LNK4258: la directiva '/ENTRY:main4@0' no es compatible con el modificador '/ENTRY:main14'; se ha omitido
  PM_Clase_Equipo_0.vcxproj -> D:\PM_2022_3\Unidad_2\PM_Clase_Equipo_0\Debug\PM_Clase_Equipo_0.exe
